<?xml version="1.0" encoding="UTF-8"?>
<!-- Generated by org.testng.reporters.JUnitXMLReporter -->
<testsuite ignored="0" hostname="LAPTOP-NYAMANA" failures="0" tests="3" name="TestChangelog1" time="0.639" errors="0" timestamp="2023-10-12T14:34:34 EDT">
  <testcase classname="TestChangelog" name="test_test1TableExists" time="0.04"/>
  <testcase classname="TestChangelog" name="test_metadata" time="0.003"/>
  <testcase classname="TestChangelog" name="test_test1DataExists" time="0.007"/>
</testsuite> <!-- TestChangelog1 -->
