<?xml version="1.0" encoding="UTF-8"?>
<testng-results ignored="0" total="3" passed="3" failed="0" skipped="0">
  <reporter-output>
  </reporter-output>
  <suite started-at="2023-10-12T14:34:33 EDT" name="Suite1" finished-at="2023-10-12T14:34:34 EDT" duration-ms="639">
    <groups>
    </groups>
    <test started-at="2023-10-12T14:34:33 EDT" name="TestChangelog1" finished-at="2023-10-12T14:34:34 EDT" duration-ms="639">
      <class name="TestChangelog">
        <test-method is-config="true" signature="setUp()[pri:0, instance:TestChangelog@52e677af]" started-at="2023-10-12T14:34:33 EDT" name="setUp" finished-at="2023-10-12T14:34:34 EDT" duration-ms="553" status="PASS">
          <reporter-output>
          </reporter-output>
        </test-method> <!-- setUp -->
        <test-method signature="test_test1TableExists()[pri:1, instance:TestChangelog@52e677af]" started-at="2023-10-12T14:34:34 EDT" name="test_test1TableExists" finished-at="2023-10-12T14:34:34 EDT" duration-ms="40" status="PASS">
          <reporter-output>
          </reporter-output>
        </test-method> <!-- test_test1TableExists -->
        <test-method signature="test_metadata()[pri:2, instance:TestChangelog@52e677af]" started-at="2023-10-12T14:34:34 EDT" name="test_metadata" finished-at="2023-10-12T14:34:34 EDT" duration-ms="3" status="PASS">
          <reporter-output>
          </reporter-output>
        </test-method> <!-- test_metadata -->
        <test-method signature="test_test1DataExists()[pri:3, instance:TestChangelog@52e677af]" started-at="2023-10-12T14:34:34 EDT" name="test_test1DataExists" finished-at="2023-10-12T14:34:34 EDT" duration-ms="7" status="PASS">
          <reporter-output>
          </reporter-output>
        </test-method> <!-- test_test1DataExists -->
        <test-method is-config="true" signature="tearDown()[pri:0, instance:TestChangelog@52e677af]" started-at="2023-10-12T14:34:34 EDT" name="tearDown" finished-at="2023-10-12T14:34:34 EDT" duration-ms="0" status="PASS">
          <reporter-output>
          </reporter-output>
        </test-method> <!-- tearDown -->
      </class> <!-- TestChangelog -->
    </test> <!-- TestChangelog1 -->
  </suite> <!-- Suite1 -->
</testng-results>
